d:\projekty\opengl_new\podstawysterowania\x64\debug\vc143.pdb
d:\projekty\opengl_new\podstawysterowania\x64\debug\vc143.idb
d:\projekty\opengl_new\podstawysterowania\x64\debug\podstawysterowania.obj
d:\projekty\opengl_new\podstawysterowania\x64\debug\gl_transform.obj
d:\projekty\opengl_new\podstawysterowania\x64\debug\gl_shape.obj
d:\projekty\opengl_new\podstawysterowania\x64\debug\gl_scenerenderer.obj
d:\projekty\opengl_new\podstawysterowania\x64\debug\gl_geometrymanager.obj
d:\projekty\opengl_new\podstawysterowania\x64\debug\gl_shader.obj
d:\projekty\opengl_new\podstawysterowania\x64\debug\gl_gameobject.obj
d:\projekty\opengl_new\podstawysterowania\x64\debug\gl_collider.obj
d:\projekty\opengl_new\podstawysterowania\x64\debug\gl_collisionbehaviour.obj
d:\projekty\opengl_new\podstawysterowania\x64\debug\gl_collisionmanager.obj
d:\projekty\opengl_new\podstawysterowania\x64\debug\gl_gpuresourcetracker.obj
d:\projekty\opengl_new\podstawysterowania\x64\debug\gl_mesh.obj
d:\projekty\opengl_new\podstawysterowania\x64\debug\gl_scenemanager.obj
d:\projekty\opengl_new\podstawysterowania\x64\debug\podstawysterowania.pdb
d:\projekty\opengl_new\podstawysterowania\x64\debug\podstawy.62a25033.tlog\cl.command.1.tlog
d:\projekty\opengl_new\podstawysterowania\x64\debug\podstawy.62a25033.tlog\cl.write.1.tlog
d:\projekty\opengl_new\podstawysterowania\x64\debug\podstawy.62a25033.tlog\link-cvtres.read.1.tlog
d:\projekty\opengl_new\podstawysterowania\x64\debug\podstawy.62a25033.tlog\link-cvtres.write.1.tlog
d:\projekty\opengl_new\podstawysterowania\x64\debug\podstawy.62a25033.tlog\link-rc.read.1.tlog
d:\projekty\opengl_new\podstawysterowania\x64\debug\podstawy.62a25033.tlog\link-rc.write.1.tlog
d:\projekty\opengl_new\podstawysterowania\x64\debug\podstawy.62a25033.tlog\link.20204-cvtres.read.1.tlog
d:\projekty\opengl_new\podstawysterowania\x64\debug\podstawy.62a25033.tlog\link.20204-cvtres.write.1.tlog
d:\projekty\opengl_new\podstawysterowania\x64\debug\podstawy.62a25033.tlog\link.20204-rc.read.1.tlog
d:\projekty\opengl_new\podstawysterowania\x64\debug\podstawy.62a25033.tlog\link.20204-rc.write.1.tlog
d:\projekty\opengl_new\podstawysterowania\x64\debug\podstawy.62a25033.tlog\link.20204.read.1.tlog
d:\projekty\opengl_new\podstawysterowania\x64\debug\podstawy.62a25033.tlog\link.20204.read.2.tlog
d:\projekty\opengl_new\podstawysterowania\x64\debug\podstawy.62a25033.tlog\link.20204.write.1.tlog
d:\projekty\opengl_new\podstawysterowania\x64\debug\podstawy.62a25033.tlog\link.command.1.tlog
d:\projekty\opengl_new\podstawysterowania\x64\debug\podstawy.62a25033.tlog\link.read.1.tlog
d:\projekty\opengl_new\podstawysterowania\x64\debug\podstawy.62a25033.tlog\link.read.2.tlog
d:\projekty\opengl_new\podstawysterowania\x64\debug\podstawy.62a25033.tlog\link.read.3.tlog
d:\projekty\opengl_new\podstawysterowania\x64\debug\podstawy.62a25033.tlog\link.write.1.tlog
